0 info it worked if it ends with ok
1 verbose cli [ 'C:\\Program Files (x86)\\nodejs\\\\node.exe',
1 verbose cli   'C:\\Program Files (x86)\\nodejs\\node_modules\\npm\\bin\\npm-cli.js',
1 verbose cli   'publish' ]
2 info using npm@1.4.28
3 info using node@v0.10.32
4 verbose node symlink C:\Program Files (x86)\nodejs\\node.exe
5 verbose publish [ '.' ]
6 verbose cache add [ '.', null ]
7 verbose cache add name=undefined spec="." args=[".",null]
8 verbose parsed url { protocol: null,
8 verbose parsed url   slashes: null,
8 verbose parsed url   auth: null,
8 verbose parsed url   host: null,
8 verbose parsed url   port: null,
8 verbose parsed url   hostname: null,
8 verbose parsed url   hash: null,
8 verbose parsed url   search: null,
8 verbose parsed url   query: null,
8 verbose parsed url   pathname: '.',
8 verbose parsed url   path: '.',
8 verbose parsed url   href: '.' }
9 silly lockFile 3a52ce78- .
10 verbose lock . C:\Users\glombardo\AppData\Roaming\npm-cache\3a52ce78-.lock
11 verbose tar pack [ 'C:\\Users\\glombardo\\AppData\\Roaming\\npm-cache\\saltomvc\\0.1.0\\package.tgz',
11 verbose tar pack   '.' ]
12 verbose tarball C:\Users\glombardo\AppData\Roaming\npm-cache\saltomvc\0.1.0\package.tgz
13 verbose folder .
14 info prepublish saltomvc@0.1.0
15 silly lockFile 1f1177db-tar tar://.
16 verbose lock tar://. C:\Users\glombardo\AppData\Roaming\npm-cache\1f1177db-tar.lock
17 silly lockFile 8be4285e-cache-saltomvc-0-1-0-package-tgz tar://C:\Users\glombardo\AppData\Roaming\npm-cache\saltomvc\0.1.0\package.tgz
18 verbose lock tar://C:\Users\glombardo\AppData\Roaming\npm-cache\saltomvc\0.1.0\package.tgz C:\Users\glombardo\AppData\Roaming\npm-cache\8be4285e-cache-saltomvc-0-1-0-package-tgz.lock
19 silly lockFile 1f1177db-tar tar://.
20 silly lockFile 1f1177db-tar tar://.
21 silly lockFile 8be4285e-cache-saltomvc-0-1-0-package-tgz tar://C:\Users\glombardo\AppData\Roaming\npm-cache\saltomvc\0.1.0\package.tgz
22 silly lockFile 8be4285e-cache-saltomvc-0-1-0-package-tgz tar://C:\Users\glombardo\AppData\Roaming\npm-cache\saltomvc\0.1.0\package.tgz
23 silly lockFile 51f3372a-npm-cache-saltomvc-0-1-0-package C:\Users\glombardo\AppData\Roaming\npm-cache\saltomvc\0.1.0\package
24 verbose lock C:\Users\glombardo\AppData\Roaming\npm-cache\saltomvc\0.1.0\package C:\Users\glombardo\AppData\Roaming\npm-cache\51f3372a-npm-cache-saltomvc-0-1-0-package.lock
25 silly lockFile 51f3372a-npm-cache-saltomvc-0-1-0-package C:\Users\glombardo\AppData\Roaming\npm-cache\saltomvc\0.1.0\package
26 silly lockFile 51f3372a-npm-cache-saltomvc-0-1-0-package C:\Users\glombardo\AppData\Roaming\npm-cache\saltomvc\0.1.0\package
27 silly lockFile 3a52ce78- .
28 silly lockFile 3a52ce78- .
29 silly publish { name: 'saltomvc',
29 silly publish   version: '0.1.0',
29 silly publish   description: 'Node command line application to creating template for MVC entities, with mongoose and express framework',
29 silly publish   main: './main',
29 silly publish   scripts: { test: 'echo "test"' },
29 silly publish   repository:
29 silly publish    { type: 'git',
29 silly publish      url: 'https://github.com/gianfrancolombardo/saltomvc.git' },
29 silly publish   keywords: [ 'node.js', 'MVC', 'express', 'mongoose' ],
29 silly publish   author: { name: 'Gianfranco Lombardo' },
29 silly publish   license: 'GPL',
29 silly publish   bugs: { url: 'https://github.com/gianfrancolombardo/saltomvc/issues' },
29 silly publish   homepage: 'https://github.com/gianfrancolombardo/saltomvc',
29 silly publish   readme: 'ERROR: No README data found!',
29 silly publish   readmeFilename: 'README.md',
29 silly publish   gitHead: '587f87119ee6eeaa427478345af686e7f855b57a',
29 silly publish   _id: 'saltomvc@0.1.0',
29 silly publish   _shasum: '3367cad06206dffad1185ec84eb1e45b28d804b5',
29 silly publish   _from: '.' }
30 verbose request where is /saltomvc
31 verbose request registry https://registry.npmjs.org/
32 verbose request id 0fc8340d6bba3bc9
33 verbose url raw /saltomvc
34 verbose url resolving [ 'https://registry.npmjs.org/', './saltomvc' ]
35 verbose url resolved https://registry.npmjs.org/saltomvc
36 verbose request where is https://registry.npmjs.org/saltomvc
37 info trying registry request attempt 1 at 10:29:07
38 http PUT https://registry.npmjs.org/saltomvc
39 http 403 https://registry.npmjs.org/saltomvc
40 verbose headers { date: 'Fri, 31 Oct 2014 12:29:09 GMT',
40 verbose headers   server: 'CouchDB/1.5.0 (Erlang OTP/R16B03)',
40 verbose headers   'content-type': 'application/json',
40 verbose headers   'cache-control': 'max-age=60',
40 verbose headers   'content-length': '2322',
40 verbose headers   'accept-ranges': 'bytes',
40 verbose headers   via: '1.1 varnish',
40 verbose headers   'x-served-by': 'cache-iad2126-IAD',
40 verbose headers   'x-cache': 'MISS',
40 verbose headers   'x-cache-hits': '0',
40 verbose headers   'x-timer': 'S1414758549.874685,VS0,VE98',
40 verbose headers   'keep-alive': 'timeout=10, max=50',
40 verbose headers   connection: 'Keep-Alive' }
41 error publish Failed PUT 403
42 error Error: forbidden cannot modify pre-existing version: 0.1.0
42 error old={"name":"saltomvc","version":"0.1.0","description":"Node command line application to creating template for MVC entities, with mongoose and express framework","main":"index","bin":{"saltomvc":"./bin/saltomvc"},"scripts":{"test":"echo \"test\""},"repository":{"type":"git","url":"https://github.com/gianfrancolombardo/saltomvc.git"},"keywords":["node.js","MVC","express","mongoose"],"author":{"name":"Gianfranco Lombardo"},"license":"GPL","bugs":{"url":"https://github.com/gianfrancolombardo/saltomvc/issues"},"homepage":"https://github.com/gianfrancolombardo/saltomvc","_id":"saltomvc@0.1.0","_shasum":"980819f2a82cd0734acc9b919721c2c79e0c971c","_from":".","_npmVersion":"1.4.28","_npmUser":{"name":"gianlombardo","email":"gianf.lombardo@gmail.com"},"maintainers":[{"name":"gianlombardo","email":"gianf.lombardo@gmail.com"}],"dist":{"shasum":"980819f2a82cd0734acc9b919721c2c79e0c971c","tarball":"http://registry.npmjs.org/saltomvc/-/saltomvc-0.1.0.tgz"}}
42 error new={"name":"saltomvc","version":"0.1.0","description":"Node command line application to creating template for MVC entities, with mongoose and express framework","main":"./main","scripts":{"test":"echo \"test\""},"repository":{"type":"git","url":"https://github.com/gianfrancolombardo/saltomvc.git"},"keywords":["node.js","MVC","express","mongoose"],"author":{"name":"Gianfranco Lombardo"},"license":"GPL","bugs":{"url":"https://github.com/gianfrancolombardo/saltomvc/issues"},"homepage":"https://github.com/gianfrancolombardo/saltomvc","readme":"ERROR: No README data found!","readmeFilename":"README.md","gitHead":"587f87119ee6eeaa427478345af686e7f855b57a","_id":"saltomvc@0.1.0","_shasum":"3367cad06206dffad1185ec84eb1e45b28d804b5","_from":".","_npmVersion":"1.4.28","_npmUser":{"name":"gianlombardo","email":"gianf.lombardo@gmail.com"},"maintainers":[{"name":"gianlombardo","email":"gianf.lombardo@gmail.com"}],"dist":{"shasum":"3367cad06206dffad1185ec84eb1e45b28d804b5","tarball":"http://registry.npmjs.org/saltomvc/-/saltomvc-0.1.0.tgz"}}: saltomvc
42 error     at RegClient.<anonymous> (C:\Program Files (x86)\nodejs\node_modules\npm\node_modules\npm-registry-client\lib\request.js:308:14)
42 error     at Request._callback (C:\Program Files (x86)\nodejs\node_modules\npm\node_modules\npm-registry-client\lib\request.js:246:65)
42 error     at Request.self.callback (C:\Program Files (x86)\nodejs\node_modules\npm\node_modules\request\request.js:236:22)
42 error     at Request.emit (events.js:98:17)
42 error     at Request.<anonymous> (C:\Program Files (x86)\nodejs\node_modules\npm\node_modules\request\request.js:1142:14)
42 error     at Request.emit (events.js:117:20)
42 error     at IncomingMessage.<anonymous> (C:\Program Files (x86)\nodejs\node_modules\npm\node_modules\request\request.js:1096:12)
42 error     at IncomingMessage.emit (events.js:117:20)
42 error     at _stream_readable.js:943:16
42 error     at process._tickCallback (node.js:419:13)
43 error If you need help, you may report this *entire* log,
43 error including the npm and node versions, at:
43 error     <http://github.com/npm/npm/issues>
44 error System Windows_NT 6.2.9200
45 error command "C:\\Program Files (x86)\\nodejs\\\\node.exe" "C:\\Program Files (x86)\\nodejs\\node_modules\\npm\\bin\\npm-cli.js" "publish"
46 error cwd C:\saltomvc
47 error node -v v0.10.32
48 error npm -v 1.4.28
49 verbose exit [ 1, true ]
